<?xml version="1.0" encoding="UTF-8"?>
<!-- Generated by org.testng.reporters.JUnitReportReporter -->
<testsuite skipped="0" hostname="DESKTOP-VEBCP6I" name="screenShot" tests="1" failures="0" timestamp="15 Mar 2018 16:24:10 GMT" time="27.703" errors="0">
  <testcase name="captureScreenshot" time="27.703" classname="screenShot"/>
</testsuite> <!-- screenShot -->
