<?xml version="1.0" encoding="UTF-8"?>
<!-- Generated by org.testng.reporters.JUnitReportReporter -->
<testsuite skipped="0" hostname="DESKTOP-VEBCP6I" name="mouseOverAction" tests="1" failures="0" timestamp="11 Mar 2018 06:40:13 GMT" time="32.564" errors="0">
  <testcase name="MouseOver" time="32.564" classname="mouseOverAction"/>
</testsuite> <!-- mouseOverAction -->
